mode: set
github.com/pankona/memoya/internal/handlers/memo.go:19.36,22.2 1 1
github.com/pankona/memoya/internal/handlers/memo.go:24.70,28.2 1 1
github.com/pankona/memoya/internal/handlers/memo.go:45.165,48.22 2 1
github.com/pankona/memoya/internal/handlers/memo.go:48.22,50.3 1 1
github.com/pankona/memoya/internal/handlers/memo.go:52.2,64.16 3 1
github.com/pankona/memoya/internal/handlers/memo.go:64.16,66.3 1 0
github.com/pankona/memoya/internal/handlers/memo.go:68.2,72.8 1 1
github.com/pankona/memoya/internal/handlers/memo.go:85.165,88.22 2 1
github.com/pankona/memoya/internal/handlers/memo.go:88.22,90.3 1 1
github.com/pankona/memoya/internal/handlers/memo.go:93.2,99.16 3 1
github.com/pankona/memoya/internal/handlers/memo.go:99.16,101.3 1 0
github.com/pankona/memoya/internal/handlers/memo.go:103.2,110.16 3 1
github.com/pankona/memoya/internal/handlers/memo.go:110.16,112.3 1 0
github.com/pankona/memoya/internal/handlers/memo.go:114.2,118.8 1 1
github.com/pankona/memoya/internal/handlers/memo.go:129.165,132.22 2 1
github.com/pankona/memoya/internal/handlers/memo.go:132.22,134.3 1 1
github.com/pankona/memoya/internal/handlers/memo.go:137.2,138.16 2 1
github.com/pankona/memoya/internal/handlers/memo.go:138.16,140.3 1 0
github.com/pankona/memoya/internal/handlers/memo.go:143.2,143.22 1 1
github.com/pankona/memoya/internal/handlers/memo.go:143.22,145.3 1 1
github.com/pankona/memoya/internal/handlers/memo.go:147.2,147.28 1 1
github.com/pankona/memoya/internal/handlers/memo.go:147.28,149.3 1 1
github.com/pankona/memoya/internal/handlers/memo.go:151.2,151.24 1 1
github.com/pankona/memoya/internal/handlers/memo.go:151.24,153.3 1 1
github.com/pankona/memoya/internal/handlers/memo.go:155.2,155.31 1 1
github.com/pankona/memoya/internal/handlers/memo.go:155.31,157.3 1 1
github.com/pankona/memoya/internal/handlers/memo.go:159.2,163.16 3 1
github.com/pankona/memoya/internal/handlers/memo.go:163.16,165.3 1 0
github.com/pankona/memoya/internal/handlers/memo.go:167.2,171.8 1 1
github.com/pankona/memoya/internal/handlers/memo.go:183.171,186.22 2 1
github.com/pankona/memoya/internal/handlers/memo.go:186.22,188.3 1 1
github.com/pankona/memoya/internal/handlers/memo.go:191.2,192.16 2 1
github.com/pankona/memoya/internal/handlers/memo.go:192.16,194.3 1 0
github.com/pankona/memoya/internal/handlers/memo.go:196.2,200.8 1 1
github.com/pankona/memoya/internal/handlers/mock_storage.go:17.36,22.2 1 1
github.com/pankona/memoya/internal/handlers/mock_storage.go:24.80,27.2 2 1
github.com/pankona/memoya/internal/handlers/mock_storage.go:29.85,31.13 2 1
github.com/pankona/memoya/internal/handlers/mock_storage.go:31.13,33.3 1 1
github.com/pankona/memoya/internal/handlers/mock_storage.go:34.2,34.18 1 1
github.com/pankona/memoya/internal/handlers/mock_storage.go:37.80,38.44 1 1
github.com/pankona/memoya/internal/handlers/mock_storage.go:38.44,40.3 1 0
github.com/pankona/memoya/internal/handlers/mock_storage.go:41.2,42.12 2 1
github.com/pankona/memoya/internal/handlers/mock_storage.go:45.72,46.39 1 1
github.com/pankona/memoya/internal/handlers/mock_storage.go:46.39,48.3 1 0
github.com/pankona/memoya/internal/handlers/mock_storage.go:49.2,50.12 2 1
github.com/pankona/memoya/internal/handlers/mock_storage.go:53.107,55.31 2 1
github.com/pankona/memoya/internal/handlers/mock_storage.go:55.31,56.35 1 1
github.com/pankona/memoya/internal/handlers/mock_storage.go:56.35,58.4 1 1
github.com/pankona/memoya/internal/handlers/mock_storage.go:60.2,60.20 1 1
github.com/pankona/memoya/internal/handlers/mock_storage.go:63.80,66.2 2 1
github.com/pankona/memoya/internal/handlers/mock_storage.go:68.85,70.13 2 1
github.com/pankona/memoya/internal/handlers/mock_storage.go:70.13,72.3 1 1
github.com/pankona/memoya/internal/handlers/mock_storage.go:73.2,73.18 1 1
github.com/pankona/memoya/internal/handlers/mock_storage.go:76.80,77.44 1 1
github.com/pankona/memoya/internal/handlers/mock_storage.go:77.44,79.3 1 0
github.com/pankona/memoya/internal/handlers/mock_storage.go:80.2,81.12 2 1
github.com/pankona/memoya/internal/handlers/mock_storage.go:84.72,85.39 1 1
github.com/pankona/memoya/internal/handlers/mock_storage.go:85.39,87.3 1 0
github.com/pankona/memoya/internal/handlers/mock_storage.go:88.2,89.12 2 1
github.com/pankona/memoya/internal/handlers/mock_storage.go:92.107,94.31 2 1
github.com/pankona/memoya/internal/handlers/mock_storage.go:94.31,95.35 1 1
github.com/pankona/memoya/internal/handlers/mock_storage.go:95.35,97.4 1 1
github.com/pankona/memoya/internal/handlers/mock_storage.go:99.2,99.20 1 1
github.com/pankona/memoya/internal/handlers/mock_storage.go:102.128,108.75 2 1
github.com/pankona/memoya/internal/handlers/mock_storage.go:108.75,109.32 1 1
github.com/pankona/memoya/internal/handlers/mock_storage.go:109.32,110.85 1 1
github.com/pankona/memoya/internal/handlers/mock_storage.go:110.85,112.5 1 1
github.com/pankona/memoya/internal/handlers/mock_storage.go:116.2,116.75 1 1
github.com/pankona/memoya/internal/handlers/mock_storage.go:116.75,117.32 1 1
github.com/pankona/memoya/internal/handlers/mock_storage.go:117.32,118.85 1 1
github.com/pankona/memoya/internal/handlers/mock_storage.go:118.85,120.5 1 1
github.com/pankona/memoya/internal/handlers/mock_storage.go:124.2,124.21 1 1
github.com/pankona/memoya/internal/handlers/mock_storage.go:127.73,130.31 2 1
github.com/pankona/memoya/internal/handlers/mock_storage.go:130.31,131.33 1 1
github.com/pankona/memoya/internal/handlers/mock_storage.go:131.33,133.4 1 1
github.com/pankona/memoya/internal/handlers/mock_storage.go:136.2,136.31 1 1
github.com/pankona/memoya/internal/handlers/mock_storage.go:136.31,137.33 1 1
github.com/pankona/memoya/internal/handlers/mock_storage.go:137.33,139.4 1 1
github.com/pankona/memoya/internal/handlers/mock_storage.go:142.2,143.26 2 1
github.com/pankona/memoya/internal/handlers/mock_storage.go:143.26,145.3 1 1
github.com/pankona/memoya/internal/handlers/mock_storage.go:146.2,146.18 1 1
github.com/pankona/memoya/internal/handlers/mock_storage.go:149.88,150.61 1 1
github.com/pankona/memoya/internal/handlers/mock_storage.go:150.61,152.3 1 1
github.com/pankona/memoya/internal/handlers/mock_storage.go:153.2,153.67 1 1
github.com/pankona/memoya/internal/handlers/mock_storage.go:153.67,155.3 1 1
github.com/pankona/memoya/internal/handlers/mock_storage.go:156.2,156.27 1 1
github.com/pankona/memoya/internal/handlers/mock_storage.go:156.27,157.42 1 1
github.com/pankona/memoya/internal/handlers/mock_storage.go:157.42,159.38 2 1
github.com/pankona/memoya/internal/handlers/mock_storage.go:159.38,160.29 1 1
github.com/pankona/memoya/internal/handlers/mock_storage.go:160.29,162.11 2 1
github.com/pankona/memoya/internal/handlers/mock_storage.go:165.4,165.14 1 1
github.com/pankona/memoya/internal/handlers/mock_storage.go:165.14,167.5 1 1
github.com/pankona/memoya/internal/handlers/mock_storage.go:170.2,170.13 1 1
github.com/pankona/memoya/internal/handlers/mock_storage.go:173.88,174.27 1 1
github.com/pankona/memoya/internal/handlers/mock_storage.go:174.27,175.42 1 1
github.com/pankona/memoya/internal/handlers/mock_storage.go:175.42,177.38 2 1
github.com/pankona/memoya/internal/handlers/mock_storage.go:177.38,178.29 1 1
github.com/pankona/memoya/internal/handlers/mock_storage.go:178.29,180.11 2 1
github.com/pankona/memoya/internal/handlers/mock_storage.go:183.4,183.14 1 1
github.com/pankona/memoya/internal/handlers/mock_storage.go:183.14,185.5 1 1
github.com/pankona/memoya/internal/handlers/mock_storage.go:188.2,188.13 1 1
github.com/pankona/memoya/internal/handlers/mock_storage.go:191.119,192.17 1 1
github.com/pankona/memoya/internal/handlers/mock_storage.go:192.17,193.63 1 1
github.com/pankona/memoya/internal/handlers/mock_storage.go:193.63,195.29 2 0
github.com/pankona/memoya/internal/handlers/mock_storage.go:195.29,196.29 1 0
github.com/pankona/memoya/internal/handlers/mock_storage.go:196.29,198.11 2 0
github.com/pankona/memoya/internal/handlers/mock_storage.go:201.4,201.19 1 0
github.com/pankona/memoya/internal/handlers/mock_storage.go:201.19,203.5 1 0
github.com/pankona/memoya/internal/handlers/mock_storage.go:207.2,207.25 1 1
github.com/pankona/memoya/internal/handlers/mock_storage.go:207.25,208.40 1 1
github.com/pankona/memoya/internal/handlers/mock_storage.go:208.40,210.29 2 1
github.com/pankona/memoya/internal/handlers/mock_storage.go:210.29,211.25 1 1
github.com/pankona/memoya/internal/handlers/mock_storage.go:211.25,213.11 2 1
github.com/pankona/memoya/internal/handlers/mock_storage.go:216.4,216.14 1 1
github.com/pankona/memoya/internal/handlers/mock_storage.go:216.14,218.5 1 1
github.com/pankona/memoya/internal/handlers/mock_storage.go:222.2,222.13 1 1
github.com/pankona/memoya/internal/handlers/mock_storage.go:225.38,231.2 1 1
github.com/pankona/memoya/internal/handlers/mock_storage.go:233.46,234.43 1 0
github.com/pankona/memoya/internal/handlers/mock_storage.go:234.43,235.35 1 0
github.com/pankona/memoya/internal/handlers/mock_storage.go:235.35,237.4 1 0
github.com/pankona/memoya/internal/handlers/mock_storage.go:239.2,239.14 1 0
github.com/pankona/memoya/internal/handlers/mock_storage.go:242.39,291.2 9 1
github.com/pankona/memoya/internal/handlers/search.go:40.63,44.2 1 1
github.com/pankona/memoya/internal/handlers/search.go:46.165,49.22 2 1
github.com/pankona/memoya/internal/handlers/search.go:49.22,51.3 1 1
github.com/pankona/memoya/internal/handlers/search.go:54.2,55.22 2 1
github.com/pankona/memoya/internal/handlers/search.go:55.22,57.3 1 1
github.com/pankona/memoya/internal/handlers/search.go:60.2,67.16 3 1
github.com/pankona/memoya/internal/handlers/search.go:67.16,69.3 1 0
github.com/pankona/memoya/internal/handlers/search.go:71.2,84.16 3 1
github.com/pankona/memoya/internal/handlers/search.go:84.16,86.3 1 0
github.com/pankona/memoya/internal/handlers/search.go:88.2,92.8 1 1
github.com/pankona/memoya/internal/handlers/search.go:96.146,103.2 1 0
github.com/pankona/memoya/internal/handlers/tag.go:16.57,20.2 1 1
github.com/pankona/memoya/internal/handlers/tag.go:35.162,36.22 1 1
github.com/pankona/memoya/internal/handlers/tag.go:36.22,38.3 1 1
github.com/pankona/memoya/internal/handlers/tag.go:41.2,42.16 2 1
github.com/pankona/memoya/internal/handlers/tag.go:42.16,44.3 1 0
github.com/pankona/memoya/internal/handlers/tag.go:46.2,54.16 3 1
github.com/pankona/memoya/internal/handlers/tag.go:54.16,56.3 1 0
github.com/pankona/memoya/internal/handlers/tag.go:58.2,62.8 1 1
github.com/pankona/memoya/internal/handlers/todo.go:19.36,22.2 1 1
github.com/pankona/memoya/internal/handlers/todo.go:24.70,28.2 1 1
github.com/pankona/memoya/internal/handlers/todo.go:47.165,61.23 3 1
github.com/pankona/memoya/internal/handlers/todo.go:61.23,63.3 1 1
github.com/pankona/memoya/internal/handlers/todo.go:63.8,65.3 1 1
github.com/pankona/memoya/internal/handlers/todo.go:68.2,68.25 1 1
github.com/pankona/memoya/internal/handlers/todo.go:68.25,70.3 1 1
github.com/pankona/memoya/internal/handlers/todo.go:70.8,72.3 1 1
github.com/pankona/memoya/internal/handlers/todo.go:75.2,75.22 1 1
github.com/pankona/memoya/internal/handlers/todo.go:75.22,77.17 2 1
github.com/pankona/memoya/internal/handlers/todo.go:77.17,84.4 1 0
github.com/pankona/memoya/internal/handlers/todo.go:85.3,89.9 1 1
github.com/pankona/memoya/internal/handlers/todo.go:92.2,96.8 1 1
github.com/pankona/memoya/internal/handlers/todo.go:111.165,114.22 2 1
github.com/pankona/memoya/internal/handlers/todo.go:114.22,118.24 2 1
github.com/pankona/memoya/internal/handlers/todo.go:118.24,121.4 2 1
github.com/pankona/memoya/internal/handlers/todo.go:123.3,123.26 1 1
github.com/pankona/memoya/internal/handlers/todo.go:123.26,126.4 2 1
github.com/pankona/memoya/internal/handlers/todo.go:128.3,128.25 1 1
github.com/pankona/memoya/internal/handlers/todo.go:128.25,130.4 1 1
github.com/pankona/memoya/internal/handlers/todo.go:132.3,133.17 2 1
github.com/pankona/memoya/internal/handlers/todo.go:133.17,140.4 1 0
github.com/pankona/memoya/internal/handlers/todo.go:142.3,149.17 3 1
github.com/pankona/memoya/internal/handlers/todo.go:149.17,151.4 1 0
github.com/pankona/memoya/internal/handlers/todo.go:153.3,157.9 1 1
github.com/pankona/memoya/internal/handlers/todo.go:160.2,164.8 1 1
github.com/pankona/memoya/internal/handlers/todo.go:176.165,179.22 2 1
github.com/pankona/memoya/internal/handlers/todo.go:179.22,181.3 1 1
github.com/pankona/memoya/internal/handlers/todo.go:184.2,185.16 2 1
github.com/pankona/memoya/internal/handlers/todo.go:185.16,187.3 1 0
github.com/pankona/memoya/internal/handlers/todo.go:190.2,190.22 1 1
github.com/pankona/memoya/internal/handlers/todo.go:190.22,192.3 1 1
github.com/pankona/memoya/internal/handlers/todo.go:194.2,194.28 1 1
github.com/pankona/memoya/internal/handlers/todo.go:194.28,196.3 1 1
github.com/pankona/memoya/internal/handlers/todo.go:198.2,198.23 1 1
github.com/pankona/memoya/internal/handlers/todo.go:198.23,200.52 2 1
github.com/pankona/memoya/internal/handlers/todo.go:200.52,203.4 2 1
github.com/pankona/memoya/internal/handlers/todo.go:206.2,206.25 1 1
github.com/pankona/memoya/internal/handlers/todo.go:206.25,208.3 1 1
github.com/pankona/memoya/internal/handlers/todo.go:210.2,210.24 1 1
github.com/pankona/memoya/internal/handlers/todo.go:210.24,212.3 1 1
github.com/pankona/memoya/internal/handlers/todo.go:214.2,218.16 3 1
github.com/pankona/memoya/internal/handlers/todo.go:218.16,220.3 1 0
github.com/pankona/memoya/internal/handlers/todo.go:222.2,226.8 1 1
github.com/pankona/memoya/internal/handlers/todo.go:238.167,241.22 2 1
github.com/pankona/memoya/internal/handlers/todo.go:241.22,243.3 1 1
github.com/pankona/memoya/internal/handlers/todo.go:246.2,247.16 2 1
github.com/pankona/memoya/internal/handlers/todo.go:247.16,249.3 1 0
github.com/pankona/memoya/internal/handlers/todo.go:251.2,255.8 1 1
